0 info it worked if it ends with ok
1 verbose cli [ '/usr/local/bin/node',
1 verbose cli   '/usr/local/bin/npm',
1 verbose cli   'install',
1 verbose cli   '-g',
1 verbose cli   'http-server' ]
2 info using npm@2.14.12
3 info using node@v4.2.6
4 verbose install initial load of /usr/local/lib/package.json
5 verbose readDependencies loading dependencies from /usr/local/lib/package.json
6 silly cache add args [ 'http-server', null ]
7 verbose cache add spec http-server
8 silly cache add parsed spec Result {
8 silly cache add   raw: 'http-server',
8 silly cache add   scope: null,
8 silly cache add   name: 'http-server',
8 silly cache add   rawSpec: '',
8 silly cache add   spec: 'latest',
8 silly cache add   type: 'tag' }
9 silly addNamed http-server@latest
10 verbose addNamed "latest" is being treated as a dist-tag for http-server
11 info addNameTag [ 'http-server', 'latest' ]
12 silly mapToRegistry name http-server
13 silly mapToRegistry using default registry
14 silly mapToRegistry registry https://registry.npmjs.org/
15 silly mapToRegistry uri https://registry.npmjs.org/http-server
16 verbose addNameTag registry:https://registry.npmjs.org/http-server not in flight; fetching
17 verbose request uri https://registry.npmjs.org/http-server
18 verbose request no auth needed
19 info attempt registry request try #1 at 6:23:40 PM
20 verbose request id 5fb91f7e05748574
21 http request GET https://registry.npmjs.org/http-server
22 http 200 https://registry.npmjs.org/http-server
23 verbose headers { server: 'CouchDB/1.5.0 (Erlang OTP/R16B03)',
23 verbose headers   etag: '"9GY72YHDC8NI2E4CTAMTWRP5K"',
23 verbose headers   'content-type': 'application/json',
23 verbose headers   'cache-control': 'max-age=300',
23 verbose headers   'content-length': '58013',
23 verbose headers   'accept-ranges': 'bytes',
23 verbose headers   date: 'Sat, 27 Feb 2016 01:23:41 GMT',
23 verbose headers   via: '1.1 varnish',
23 verbose headers   age: '0',
23 verbose headers   connection: 'keep-alive',
23 verbose headers   'x-served-by': 'cache-ord1733-ORD',
23 verbose headers   'x-cache': 'HIT',
23 verbose headers   'x-cache-hits': '1',
23 verbose headers   'x-timer': 'S1456536220.749938,VS0,VE303',
23 verbose headers   vary: 'Accept' }
24 silly get cb [ 200,
24 silly get   { server: 'CouchDB/1.5.0 (Erlang OTP/R16B03)',
24 silly get     etag: '"9GY72YHDC8NI2E4CTAMTWRP5K"',
24 silly get     'content-type': 'application/json',
24 silly get     'cache-control': 'max-age=300',
24 silly get     'content-length': '58013',
24 silly get     'accept-ranges': 'bytes',
24 silly get     date: 'Sat, 27 Feb 2016 01:23:41 GMT',
24 silly get     via: '1.1 varnish',
24 silly get     age: '0',
24 silly get     connection: 'keep-alive',
24 silly get     'x-served-by': 'cache-ord1733-ORD',
24 silly get     'x-cache': 'HIT',
24 silly get     'x-cache-hits': '1',
24 silly get     'x-timer': 'S1456536220.749938,VS0,VE303',
24 silly get     vary: 'Accept' } ]
25 verbose get saving http-server to /Users/Vineet/.npm/registry.npmjs.org/http-server/.cache.json
26 silly addNameTag next cb for http-server with tag latest
27 silly addNamed http-server@0.9.0
28 verbose addNamed "0.9.0" is a plain semver version for http-server
29 silly mapToRegistry name http-server
30 silly mapToRegistry using default registry
31 silly mapToRegistry registry https://registry.npmjs.org/
32 silly mapToRegistry uri https://registry.npmjs.org/http-server
33 verbose addRemoteTarball https://registry.npmjs.org/http-server/-/http-server-0.9.0.tgz not in flight; adding
34 verbose addRemoteTarball [ 'https://registry.npmjs.org/http-server/-/http-server-0.9.0.tgz',
34 verbose addRemoteTarball   '8f1b06bdc733618d4dc42831c7ba1aff4e06001a' ]
35 info retry fetch attempt 1 at 6:23:41 PM
36 info attempt registry request try #1 at 6:23:41 PM
37 http fetch GET https://registry.npmjs.org/http-server/-/http-server-0.9.0.tgz
38 http fetch 200 https://registry.npmjs.org/http-server/-/http-server-0.9.0.tgz
39 silly fetchAndShaCheck shasum 8f1b06bdc733618d4dc42831c7ba1aff4e06001a
40 verbose addTmpTarball /var/folders/yh/3y70r_0j13lf0gg9hthnr9rh0000gn/T/npm-1140-abfa2244/registry.npmjs.org/http-server/-/http-server-0.9.0.tgz not in flight; adding
41 verbose addTmpTarball already have metadata; skipping unpack for http-server@0.9.0
42 silly cache afterAdd http-server@0.9.0
43 verbose afterAdd /Users/Vineet/.npm/http-server/0.9.0/package/package.json not in flight; writing
44 verbose afterAdd /Users/Vineet/.npm/http-server/0.9.0/package/package.json written
45 silly install resolved [ { name: 'http-server',
45 silly install resolved     version: '0.9.0',
45 silly install resolved     description: 'A simple zero-configuration command-line http server',
45 silly install resolved     main: './lib/http-server',
45 silly install resolved     repository:
45 silly install resolved      { type: 'git',
45 silly install resolved        url: 'git://github.com/indexzero/http-server.git' },
45 silly install resolved     keywords: [ 'cli', 'command' ],
45 silly install resolved     scripts:
45 silly install resolved      { start: 'node ./bin/http-server',
45 silly install resolved        pretest: 'common bin/http-server lib/ test',
45 silly install resolved        test: 'vows --spec --isolate' },
45 silly install resolved     contributors:
45 silly install resolved      [ [Object],
45 silly install resolved        [Object],
45 silly install resolved        [Object],
45 silly install resolved        [Object],
45 silly install resolved        [Object],
45 silly install resolved        [Object],
45 silly install resolved        [Object],
45 silly install resolved        [Object],
45 silly install resolved        [Object],
45 silly install resolved        [Object] ],
45 silly install resolved     dependencies:
45 silly install resolved      { colors: '1.0.3',
45 silly install resolved        corser: '~2.0.0',
45 silly install resolved        ecstatic: '^1.4.0',
45 silly install resolved        'http-proxy': '^1.8.1',
45 silly install resolved        opener: '~1.4.0',
45 silly install resolved        optimist: '0.6.x',
45 silly install resolved        portfinder: '0.4.x',
45 silly install resolved        union: '~0.4.3' },
45 silly install resolved     devDependencies: { 'common-style': '^3.0.0', request: '2.49.x', vows: '0.7.x' },
45 silly install resolved     bugs: { url: 'https://github.com/nodeapps/http-server/issues' },
45 silly install resolved     license: 'MIT',
45 silly install resolved     preferGlobal: 'true',
45 silly install resolved     bin: { 'http-server': './bin/http-server', hs: './bin/http-server' },
45 silly install resolved     gitHead: '1a8552c5e028bd5500027ee940111133927a4e94',
45 silly install resolved     homepage: 'https://github.com/indexzero/http-server#readme',
45 silly install resolved     _id: 'http-server@0.9.0',
45 silly install resolved     _shasum: '8f1b06bdc733618d4dc42831c7ba1aff4e06001a',
45 silly install resolved     _from: 'http-server@latest',
45 silly install resolved     _npmVersion: '3.7.1',
45 silly install resolved     _nodeVersion: '4.2.2',
45 silly install resolved     _npmUser: { name: 'indexzero', email: 'charlie.robbins@gmail.com' },
45 silly install resolved     maintainers: [ [Object] ],
45 silly install resolved     dist:
45 silly install resolved      { shasum: '8f1b06bdc733618d4dc42831c7ba1aff4e06001a',
45 silly install resolved        tarball: 'http://registry.npmjs.org/http-server/-/http-server-0.9.0.tgz' },
45 silly install resolved     _npmOperationalInternal:
45 silly install resolved      { host: 'packages-6-west.internal.npmjs.com',
45 silly install resolved        tmp: 'tmp/http-server-0.9.0.tgz_1455864708425_0.19514421350322664' },
45 silly install resolved     directories: {},
45 silly install resolved     _resolved: 'https://registry.npmjs.org/http-server/-/http-server-0.9.0.tgz' } ]
46 info install http-server@0.9.0 into /usr/local/lib
47 info installOne http-server@0.9.0
48 verbose installOne of http-server to /usr/local/lib not in flight; installing
49 verbose lock using /Users/Vineet/.npm/_locks/http-server-ae30c9ae1f4c5eaa.lock for /usr/local/lib/node_modules/http-server
50 silly install write writing http-server 0.9.0 to /usr/local/lib/node_modules/http-server
51 verbose unbuild lib/node_modules/http-server
52 silly gentlyRm /usr/local/lib/node_modules/http-server is being purged from base /usr/local
53 verbose gentlyRm don't care about contents; nuking /usr/local/lib/node_modules/http-server
54 verbose tar unpack /Users/Vineet/.npm/http-server/0.9.0/package.tgz
55 verbose tar unpacking to /usr/local/lib/node_modules/http-server
56 silly gentlyRm /usr/local/lib/node_modules/http-server is being purged
57 verbose gentlyRm don't care about contents; nuking /usr/local/lib/node_modules/http-server
58 silly gunzTarPerm modes [ '755', '644' ]
59 error tar.unpack untar error /Users/Vineet/.npm/http-server/0.9.0/package.tgz
60 verbose unlock done using /Users/Vineet/.npm/_locks/http-server-ae30c9ae1f4c5eaa.lock for /usr/local/lib/node_modules/http-server
61 verbose fstream_path /usr/local/lib/node_modules/http-server
62 verbose fstream_type Directory
63 verbose fstream_class DirWriter
64 verbose stack Error: EACCES: permission denied, mkdir '/usr/local/lib/node_modules/http-server'
64 verbose stack     at Error (native)
65 verbose fstream_stack /usr/local/lib/node_modules/npm/node_modules/fstream/lib/dir-writer.js:35:25
65 verbose fstream_stack /usr/local/lib/node_modules/npm/node_modules/mkdirp/index.js:47:53
65 verbose fstream_stack FSReqWrap.oncomplete (fs.js:82:15)
66 verbose cwd /Users/Vineet/Desktop/code/conFusion/app
67 error Darwin 14.5.0
68 error argv "/usr/local/bin/node" "/usr/local/bin/npm" "install" "-g" "http-server"
69 error node v4.2.6
70 error npm  v2.14.12
71 error path /usr/local/lib/node_modules/http-server
72 error code EACCES
73 error errno -13
74 error syscall mkdir
75 error Error: EACCES: permission denied, mkdir '/usr/local/lib/node_modules/http-server'
75 error     at Error (native)
75 error  { [Error: EACCES: permission denied, mkdir '/usr/local/lib/node_modules/http-server']
75 error   errno: -13,
75 error   code: 'EACCES',
75 error   syscall: 'mkdir',
75 error   path: '/usr/local/lib/node_modules/http-server',
75 error   fstream_type: 'Directory',
75 error   fstream_path: '/usr/local/lib/node_modules/http-server',
75 error   fstream_class: 'DirWriter',
75 error   fstream_stack:
75 error    [ '/usr/local/lib/node_modules/npm/node_modules/fstream/lib/dir-writer.js:35:25',
75 error      '/usr/local/lib/node_modules/npm/node_modules/mkdirp/index.js:47:53',
75 error      'FSReqWrap.oncomplete (fs.js:82:15)' ] }
76 error Please try running this command again as root/Administrator.
77 verbose exit [ -13, true ]
78 verbose unbuild lib/node_modules/http-server
79 silly gentlyRm /usr/local/lib/node_modules/http-server is being purged from base /usr/local
80 verbose gentlyRm don't care about contents; nuking /usr/local/lib/node_modules/http-server
